<?xml version="1.0" encoding="UTF-8"?>
<!-- Generated by org.testng.reporters.JUnitReportReporter -->
<testsuite hostname="shanti-Inspiron-660s" failures="0" tests="1" name="com.hankook.testCases.TC_GuestLoginTest_001" time="19.005" errors="0" timestamp="2023-01-17T19:34:24 IST" skipped="0">
  <testcase classname="com.hankook.testCases.TC_GuestLoginTest_001" name="loginTest" time="19.005"/>
  <system-out/>
</testsuite> <!-- com.hankook.testCases.TC_GuestLoginTest_001 -->
